socialapp/build/outputs/logs/manifest-merger-debug-report.txt
-- Merging decision tree log ---
manifest
ADDED from AndroidManifest.xml:2:1
	package
		ADDED from AndroidManifest.xml:3:5
	android:versionName
		ADDED from AndroidManifest.xml:5:5
		INJECTED from AndroidManifest.xml:0:0
		INJECTED from AndroidManifest.xml:0:0
	android:versionCode
		ADDED from AndroidManifest.xml:4:5
		INJECTED from AndroidManifest.xml:0:0
		INJECTED from AndroidManifest.xml:0:0
	xmlns:android
		ADDED from AndroidManifest.xml:2:11
uses-permission#android.permission.MODIFY_AUDIO_SETTINGS
ADDED from AndroidManifest.xml:7:5
	android:name
		ADDED from AndroidManifest.xml:7:22
uses-permission#android.permission.RECORD_AUDIO
ADDED from AndroidManifest.xml:8:5
	android:name
		ADDED from AndroidManifest.xml:8:22
uses-permission#android.permission.WRITE_EXTERNAL_STORAGE
ADDED from AndroidManifest.xml:9:5
	android:name
		ADDED from AndroidManifest.xml:9:22
uses-permission#android.permission.CAMERA
ADDED from AndroidManifest.xml:10:5
	android:name
		ADDED from AndroidManifest.xml:10:22
uses-permission#android.permission.ACCESS_WIFI_STATE
ADDED from AndroidManifest.xml:11:5
	android:name
		ADDED from AndroidManifest.xml:11:22
uses-permission#android.permission.READ_CONTACTS
ADDED from AndroidManifest.xml:12:5
	android:name
		ADDED from AndroidManifest.xml:12:22
uses-permission#android.permission.WRITE_CONTACTS
ADDED from AndroidManifest.xml:13:5
	android:name
		ADDED from AndroidManifest.xml:13:22
uses-permission#android.permission.FLASHLIGHT
ADDED from AndroidManifest.xml:14:5
	android:name
		ADDED from AndroidManifest.xml:14:22
uses-permission#android.permission.READ_EXTERNAL_STORAGE
ADDED from AndroidManifest.xml:15:5
	android:name
		ADDED from AndroidManifest.xml:15:22
uses-permission#android.provider.MediaStore.Images.Media.EXTERNAL_CONTENT_URI
ADDED from AndroidManifest.xml:16:5
	android:name
		ADDED from AndroidManifest.xml:16:22
uses-permission#android.permission.MODIFY_PHONE_STATE
ADDED from AndroidManifest.xml:17:5
	android:name
		ADDED from AndroidManifest.xml:17:22
uses-permission#android.permission.READ_PHONE_STATE
ADDED from AndroidManifest.xml:18:5
	android:name
		ADDED from AndroidManifest.xml:18:22
uses-permission#android.permission.MANAGE_DOCUMENTS
ADDED from AndroidManifest.xml:20:5
	android:name
		ADDED from AndroidManifest.xml:20:22
uses-feature#android.hardware.camera
ADDED from AndroidManifest.xml:23:5
	android:required
		ADDED from AndroidManifest.xml:25:9
	android:name
		ADDED from AndroidManifest.xml:24:9
uses-feature#android.hardware.camera.autofocus
ADDED from AndroidManifest.xml:26:5
	android:required
		ADDED from AndroidManifest.xml:28:9
	android:name
		ADDED from AndroidManifest.xml:27:9
uses-feature#android.hardware.camera.flash
ADDED from AndroidManifest.xml:29:5
	android:required
		ADDED from AndroidManifest.xml:31:9
	android:name
		ADDED from AndroidManifest.xml:30:9
uses-feature#0x00020000
ADDED from AndroidManifest.xml:34:5
	android:glEsVersion
		ADDED from AndroidManifest.xml:35:9
	android:required
		ADDED from AndroidManifest.xml:36:9
uses-permission#com.google.android.providers.gsf.permission.READ_GSERVICES
ADDED from AndroidManifest.xml:38:5
	android:name
		ADDED from AndroidManifest.xml:38:22
uses-permission#android.permission.ACCESS_COARSE_LOCATION
ADDED from AndroidManifest.xml:40:5
	android:name
		ADDED from AndroidManifest.xml:40:22
uses-permission#android.permission.INTERNET
ADDED from AndroidManifest.xml:46:5
MERGED from Mypinkpal_Android:urlImageViewHelper:unspecified:11:5
	android:name
		ADDED from AndroidManifest.xml:46:22
uses-permission#android.permission.ACCESS_FINE_LOCATION
ADDED from AndroidManifest.xml:48:5
	android:name
		ADDED from AndroidManifest.xml:48:22
uses-permission#android.permission.GET_ACCOUNTS
ADDED from AndroidManifest.xml:51:5
	android:name
		ADDED from AndroidManifest.xml:51:22
uses-permission#android.permission.WAKE_LOCK
ADDED from AndroidManifest.xml:54:5
	android:name
		ADDED from AndroidManifest.xml:54:22
uses-permission#com.quickblox.qmunicate.permission.C2D_MESSAGE
ADDED from AndroidManifest.xml:57:5
	android:name
		ADDED from AndroidManifest.xml:57:22
uses-permission#com.mypinkpal.app.permission.C2D_MESSAGE
ADDED from AndroidManifest.xml:59:5
	android:name
		ADDED from AndroidManifest.xml:59:22
permission#com.mypinkpal.app.permission.MAPS_RECEIVE
ADDED from AndroidManifest.xml:61:5
	android:protectionLevel
		ADDED from AndroidManifest.xml:63:9
	android:name
		ADDED from AndroidManifest.xml:62:9
permission#com.mypinkpal.app.permission.C2D_MESSAGE
ADDED from AndroidManifest.xml:65:5
	android:protectionLevel
		ADDED from AndroidManifest.xml:67:9
	android:name
		ADDED from AndroidManifest.xml:66:9
uses-permission#com.mypinkpal.app.permission.MAPS_RECEIVE
ADDED from AndroidManifest.xml:69:5
	android:name
		ADDED from AndroidManifest.xml:69:22
uses-permission#com.google.android.c2dm.permission.RECEIVE
ADDED from AndroidManifest.xml:72:5
	android:name
		ADDED from AndroidManifest.xml:72:22
uses-permission#android.permission.ACCESS_NETWORK_STATE
ADDED from AndroidManifest.xml:75:5
	android:name
		ADDED from AndroidManifest.xml:75:22
uses-permission#android.permission.VIBRATE
ADDED from AndroidManifest.xml:78:5
	android:name
		ADDED from AndroidManifest.xml:78:22
uses-permission#android.permission.GET_TASKS
ADDED from AndroidManifest.xml:79:5
	android:name
		ADDED from AndroidManifest.xml:79:22
action#android.net.conn.CONNECTIVITY_CHANGE
ADDED from AndroidManifest.xml:81:5
	android:name
		ADDED from AndroidManifest.xml:81:13
application
ADDED from AndroidManifest.xml:87:5
MERGED from com.android.support:support-v4:20.0.0:17:5
MERGED from com.android.support:support-v4:20.0.0:17:5
MERGED from Mypinkpal_Android:facebook:unspecified:24:5
MERGED from com.android.support:support-v4:20.0.0:17:5
MERGED from Mypinkpal_Android:library:unspecified:11:5
MERGED from Mypinkpal_Android:pullToRefreshLi:unspecified:11:5
MERGED from Mypinkpal_Android.libraries.SlidingMenu:library:unspecified:11:5
MERGED from com.actionbarsherlock:actionbarsherlock:4.4.0:4:3
MERGED from com.android.support:support-v4:20.0.0:17:5
MERGED from Mypinkpal_Android:Q-municate_core:unspecified:9:5
MERGED from Mypinkpal_Android:facebook:unspecified:24:5
MERGED from com.android.support:support-v4:20.0.0:17:5
MERGED from Mypinkpal_Android:cropper:unspecified:9:5
MERGED from com.android.support:support-v4:20.0.0:17:5
	android:label
		ADDED from AndroidManifest.xml:92:9
	android:hardwareAccelerated
		ADDED from AndroidManifest.xml:90:9
	android:allowBackup
		ADDED from AndroidManifest.xml:89:9
	android:icon
		ADDED from AndroidManifest.xml:91:9
	android:theme
		ADDED from AndroidManifest.xml:93:9
	android:name
		ADDED from AndroidManifest.xml:88:9
activity#com.brodev.socialapp.view.SplashActivity
ADDED from AndroidManifest.xml:95:9
	android:configChanges
		ADDED from AndroidManifest.xml:97:13
	android:theme
		ADDED from AndroidManifest.xml:98:13
	android:name
		ADDED from AndroidManifest.xml:96:13
activity#com.brodev.socialapp.view.LoginActivity
ADDED from AndroidManifest.xml:99:9
	android:windowSoftInputMode
		ADDED from AndroidManifest.xml:103:13
	android:configChanges
		ADDED from AndroidManifest.xml:101:13
	android:theme
		ADDED from AndroidManifest.xml:102:13
	android:name
		ADDED from AndroidManifest.xml:100:13
activity#com.brodev.socialapp.view.SignUpActivity
ADDED from AndroidManifest.xml:104:9
	android:configChanges
		ADDED from AndroidManifest.xml:106:13
	android:name
		ADDED from AndroidManifest.xml:105:13
activity#com.brodev.socialapp.view.ForgotPassActivity
ADDED from AndroidManifest.xml:107:9
	android:configChanges
		ADDED from AndroidManifest.xml:109:13
	android:name
		ADDED from AndroidManifest.xml:108:13
activity#com.brodev.socialapp.view.VerifyEmailActivity
ADDED from AndroidManifest.xml:110:9
	android:configChanges
		ADDED from AndroidManifest.xml:112:13
	android:name
		ADDED from AndroidManifest.xml:111:13
activity#com.facebook.LoginActivity
ADDED from AndroidManifest.xml:113:9
	android:label
		ADDED from AndroidManifest.xml:115:13
	android:theme
		ADDED from AndroidManifest.xml:116:13
	android:name
		ADDED from AndroidManifest.xml:114:13
meta-data#com.facebook.sdk.ApplicationId
ADDED from AndroidManifest.xml:118:9
	android:value
		ADDED from AndroidManifest.xml:120:13
	android:name
		ADDED from AndroidManifest.xml:119:13
activity#com.google.android.gms.ads.AdActivity
ADDED from AndroidManifest.xml:122:9
	android:configChanges
		ADDED from AndroidManifest.xml:123:13
	android:name
		ADDED from AndroidManifest.xml:122:19
activity#com.brodev.socialapp.view.DashboardActivity
ADDED from AndroidManifest.xml:124:9
	android:screenOrientation
		ADDED from AndroidManifest.xml:127:13
	android:configChanges
		ADDED from AndroidManifest.xml:126:13
	android:theme
		ADDED from AndroidManifest.xml:128:13
	android:name
		ADDED from AndroidManifest.xml:125:13
receiver#com.mypinkpal.app.GcmBroadcastReceiver
ADDED from AndroidManifest.xml:130:9
	android:permission
		ADDED from AndroidManifest.xml:132:13
	android:name
		ADDED from AndroidManifest.xml:131:13
intent-filter#com.google.android.c2dm.intent.RECEIVE+com.google.android.c2dm.intent.REGISTRATION+com.mypinkpal.app
ADDED from AndroidManifest.xml:133:13
action#com.google.android.c2dm.intent.RECEIVE
ADDED from AndroidManifest.xml:136:17
	android:name
		ADDED from AndroidManifest.xml:136:25
action#com.google.android.c2dm.intent.REGISTRATION
ADDED from AndroidManifest.xml:138:17
	android:name
		ADDED from AndroidManifest.xml:138:25
category#com.mypinkpal.app
ADDED from AndroidManifest.xml:140:17
	android:name
		ADDED from AndroidManifest.xml:140:27
service#com.mypinkpal.app.GCMIntentService
ADDED from AndroidManifest.xml:144:9
	android:name
		ADDED from AndroidManifest.xml:144:18
service#com.quickblox.q_municate_core.service.QBService
ADDED from AndroidManifest.xml:145:9
	android:icon
		ADDED from AndroidManifest.xml:147:13
	android:name
		ADDED from AndroidManifest.xml:146:13
service#com.paypal.android.sdk.payments.PayPalService
ADDED from AndroidManifest.xml:148:9
	android:exported
		ADDED from AndroidManifest.xml:149:13
	android:name
		ADDED from AndroidManifest.xml:148:18
provider#com.quickblox.q_municate_core.db.DatabaseProvider
ADDED from AndroidManifest.xml:151:9
	android:authorities
		ADDED from AndroidManifest.xml:153:13
	android:exported
		ADDED from AndroidManifest.xml:154:13
	android:name
		ADDED from AndroidManifest.xml:152:13
activity#com.brodev.socialapp.view.BaseActivity
ADDED from AndroidManifest.xml:156:9
	android:name
		ADDED from AndroidManifest.xml:156:19
activity#com.brodev.socialapp.view.WebviewActivity
ADDED from AndroidManifest.xml:157:9
	android:configChanges
		ADDED from AndroidManifest.xml:159:13
	android:theme
		ADDED from AndroidManifest.xml:160:13
	android:name
		ADDED from AndroidManifest.xml:158:13
activity#com.brodev.socialapp.view.ConversationActivity
ADDED from AndroidManifest.xml:161:9
	android:configChanges
		ADDED from AndroidManifest.xml:163:13
	android:name
		ADDED from AndroidManifest.xml:162:13
activity#com.brodev.socialapp.view.ComposeActivity
ADDED from AndroidManifest.xml:164:9
	android:configChanges
		ADDED from AndroidManifest.xml:166:13
	android:name
		ADDED from AndroidManifest.xml:165:13
activity#com.brodev.socialapp.view.FriendTabsPager
ADDED from AndroidManifest.xml:167:9
	android:configChanges
		ADDED from AndroidManifest.xml:169:13
	android:theme
		ADDED from AndroidManifest.xml:170:13
	android:name
		ADDED from AndroidManifest.xml:168:13
activity#com.brodev.socialapp.view.ImagePagerActivity
ADDED from AndroidManifest.xml:171:9
	android:configChanges
		ADDED from AndroidManifest.xml:173:13
	android:uiOptions
		ADDED from AndroidManifest.xml:174:13
	android:name
		ADDED from AndroidManifest.xml:172:13
activity#com.brodev.socialapp.view.ImageGridActivity
ADDED from AndroidManifest.xml:175:9
	android:configChanges
		ADDED from AndroidManifest.xml:177:13
	android:theme
		ADDED from AndroidManifest.xml:178:13
	android:name
		ADDED from AndroidManifest.xml:176:13
activity#com.brodev.socialapp.view.SearchActivity
ADDED from AndroidManifest.xml:179:9
	android:configChanges
		ADDED from AndroidManifest.xml:181:13
	android:name
		ADDED from AndroidManifest.xml:180:13
activity#com.brodev.socialapp.view.SkipAddFriend
ADDED from AndroidManifest.xml:182:9
	android:configChanges
		ADDED from AndroidManifest.xml:184:13
	android:name
		ADDED from AndroidManifest.xml:183:13
activity#com.brodev.socialapp.view.FriendActivity
ADDED from AndroidManifest.xml:185:9
	android:configChanges
		ADDED from AndroidManifest.xml:187:13
	android:name
		ADDED from AndroidManifest.xml:186:13
activity#com.brodev.socialapp.view.ImageUpload
ADDED from AndroidManifest.xml:188:9
	android:configChanges
		ADDED from AndroidManifest.xml:190:13
	android:name
		ADDED from AndroidManifest.xml:189:13
activity#com.brodev.socialapp.view.ShareActivity
ADDED from AndroidManifest.xml:191:9
	android:configChanges
		ADDED from AndroidManifest.xml:193:13
	android:name
		ADDED from AndroidManifest.xml:192:13
activity#com.brodev.socialapp.view.PhotoGridActivity
ADDED from AndroidManifest.xml:194:9
	android:configChanges
		ADDED from AndroidManifest.xml:196:13
	android:name
		ADDED from AndroidManifest.xml:195:13
activity#com.brodev.socialapp.view.MusicPlaySong
ADDED from AndroidManifest.xml:197:9
	android:configChanges
		ADDED from AndroidManifest.xml:199:13
	android:name
		ADDED from AndroidManifest.xml:198:13
activity#com.brodev.socialapp.view.ProfilePicActivity
ADDED from AndroidManifest.xml:200:9
	android:label
		ADDED from AndroidManifest.xml:203:13
	android:configChanges
		ADDED from AndroidManifest.xml:202:13
	android:name
		ADDED from AndroidManifest.xml:201:13
activity#com.brodev.socialapp.view.CommentActivity
ADDED from AndroidManifest.xml:204:9
	android:configChanges
		ADDED from AndroidManifest.xml:206:13
	android:name
		ADDED from AndroidManifest.xml:205:13
activity#com.brodev.socialapp.view.ConfirmRequestActivity
ADDED from AndroidManifest.xml:207:9
	android:label
		ADDED from AndroidManifest.xml:210:13
	android:configChanges
		ADDED from AndroidManifest.xml:209:13
	android:name
		ADDED from AndroidManifest.xml:208:13
activity#com.brodev.socialapp.view.ForumActivity
ADDED from AndroidManifest.xml:211:9
	android:configChanges
		ADDED from AndroidManifest.xml:213:13
	android:name
		ADDED from AndroidManifest.xml:212:13
activity#com.brodev.socialapp.view.ThreadActivity
ADDED from AndroidManifest.xml:214:9
	android:configChanges
		ADDED from AndroidManifest.xml:216:13
	android:name
		ADDED from AndroidManifest.xml:215:13
activity#com.brodev.socialapp.view.ChangePassword
ADDED from AndroidManifest.xml:217:9
	android:configChanges
		ADDED from AndroidManifest.xml:219:13
	android:name
		ADDED from AndroidManifest.xml:218:13
activity#com.brodev.socialapp.view.AddThreadActivity
ADDED from AndroidManifest.xml:220:9
	android:configChanges
		ADDED from AndroidManifest.xml:222:13
	android:name
		ADDED from AndroidManifest.xml:221:13
activity#com.brodev.socialapp.view.PostThreadActivity
ADDED from AndroidManifest.xml:223:9
	android:configChanges
		ADDED from AndroidManifest.xml:225:13
	android:name
		ADDED from AndroidManifest.xml:224:13
activity#com.brodev.socialapp.view.BlogDetail
ADDED from AndroidManifest.xml:226:9
	android:configChanges
		ADDED from AndroidManifest.xml:228:13
	android:name
		ADDED from AndroidManifest.xml:227:13
activity#com.brodev.socialapp.view.BlogPostNew
ADDED from AndroidManifest.xml:229:9
	android:configChanges
		ADDED from AndroidManifest.xml:231:13
	android:name
		ADDED from AndroidManifest.xml:230:13
activity#com.brodev.socialapp.view.VideoPlay
ADDED from AndroidManifest.xml:232:9
	android:configChanges
		ADDED from AndroidManifest.xml:234:13
	android:name
		ADDED from AndroidManifest.xml:233:13
activity#com.brodev.socialapp.view.SyncContactActivity
ADDED from AndroidManifest.xml:235:9
	android:configChanges
		ADDED from AndroidManifest.xml:237:13
	android:name
		ADDED from AndroidManifest.xml:236:13
activity#com.brodev.socialapp.view.OpenYouTubePlayerActivity
ADDED from AndroidManifest.xml:238:9
	android:configChanges
		ADDED from AndroidManifest.xml:240:13
	android:name
		ADDED from AndroidManifest.xml:239:13
activity#com.brodev.socialapp.view.MarketPlaceDetail
ADDED from AndroidManifest.xml:241:9
	android:configChanges
		ADDED from AndroidManifest.xml:243:13
	android:name
		ADDED from AndroidManifest.xml:242:13
activity#com.brodev.socialapp.view.ImageActivity
ADDED from AndroidManifest.xml:244:9
	android:configChanges
		ADDED from AndroidManifest.xml:246:13
	android:name
		ADDED from AndroidManifest.xml:245:13
activity#com.brodev.socialapp.view.InviteActivity
ADDED from AndroidManifest.xml:247:9
	android:configChanges
		ADDED from AndroidManifest.xml:249:13
	android:name
		ADDED from AndroidManifest.xml:248:13
activity#com.brodev.socialapp.view.EventDetailActivity
ADDED from AndroidManifest.xml:250:9
	android:configChanges
		ADDED from AndroidManifest.xml:252:13
	android:name
		ADDED from AndroidManifest.xml:251:13
activity#com.brodev.socialapp.view.CreateNewEventActivity
ADDED from AndroidManifest.xml:253:9
	android:configChanges
		ADDED from AndroidManifest.xml:255:13
	android:name
		ADDED from AndroidManifest.xml:254:13
activity#com.brodev.socialapp.view.AlbumSelectedActivity
ADDED from AndroidManifest.xml:256:9
	android:configChanges
		ADDED from AndroidManifest.xml:258:13
	android:theme
		ADDED from AndroidManifest.xml:259:13
	android:name
		ADDED from AndroidManifest.xml:257:13
activity#com.brodev.socialapp.view.AlbumPhotoActivity
ADDED from AndroidManifest.xml:260:9
	android:label
		ADDED from AndroidManifest.xml:263:13
	android:configChanges
		ADDED from AndroidManifest.xml:262:13
	android:name
		ADDED from AndroidManifest.xml:261:13
activity#com.brodev.socialapp.view.CreateAlbumPhotoActivity
ADDED from AndroidManifest.xml:264:9
	android:label
		ADDED from AndroidManifest.xml:267:13
	android:configChanges
		ADDED from AndroidManifest.xml:266:13
	android:name
		ADDED from AndroidManifest.xml:265:13
activity#com.brodev.socialapp.view.CreateRoomActivity
ADDED from AndroidManifest.xml:268:9
	android:configChanges
		ADDED from AndroidManifest.xml:270:13
	android:name
		ADDED from AndroidManifest.xml:269:13
activity#com.brodev.socialapp.view.ChatroomsActivity
ADDED from AndroidManifest.xml:271:9
	android:configChanges
		ADDED from AndroidManifest.xml:273:13
	android:name
		ADDED from AndroidManifest.xml:272:13
activity#com.brodev.socialapp.view.chats.PrivateDialogActivity
ADDED from AndroidManifest.xml:274:9
	android:screenOrientation
		ADDED from AndroidManifest.xml:278:13
	android:parentActivityName
		ADDED from AndroidManifest.xml:277:13
	android:configChanges
		ADDED from AndroidManifest.xml:276:13
	android:name
		ADDED from AndroidManifest.xml:275:13
activity#com.brodev.socialapp.view.chats.NewDialogActivity
ADDED from AndroidManifest.xml:279:9
	android:screenOrientation
		ADDED from AndroidManifest.xml:282:13
	android:configChanges
		ADDED from AndroidManifest.xml:281:13
	android:name
		ADDED from AndroidManifest.xml:280:13
activity#com.brodev.socialapp.view.chats.GroupDialogActivity
ADDED from AndroidManifest.xml:283:9
	android:screenOrientation
		ADDED from AndroidManifest.xml:286:13
	android:launchMode
		ADDED from AndroidManifest.xml:287:13
	android:configChanges
		ADDED from AndroidManifest.xml:285:13
	android:name
		ADDED from AndroidManifest.xml:284:13
activity#com.brodev.socialapp.view.chats.GroupDialogDetailsActivity
ADDED from AndroidManifest.xml:288:9
	android:screenOrientation
		ADDED from AndroidManifest.xml:293:13
	android:label
		ADDED from AndroidManifest.xml:291:13
	android:parentActivityName
		ADDED from AndroidManifest.xml:292:13
	android:configChanges
		ADDED from AndroidManifest.xml:290:13
	android:name
		ADDED from AndroidManifest.xml:289:13
activity#com.brodev.socialapp.view.chats.AddFriendsToGroupActivity
ADDED from AndroidManifest.xml:294:9
	android:screenOrientation
		ADDED from AndroidManifest.xml:298:13
	android:parentActivityName
		ADDED from AndroidManifest.xml:297:13
	android:configChanges
		ADDED from AndroidManifest.xml:296:13
	android:name
		ADDED from AndroidManifest.xml:295:13
activity#com.brodev.socialapp.view.mediacall.CallActivity
ADDED from AndroidManifest.xml:299:9
	android:configChanges
		ADDED from AndroidManifest.xml:301:13
	android:name
		ADDED from AndroidManifest.xml:300:13
activity#com.soundcloud.android.crop.CropImageActivity
ADDED from AndroidManifest.xml:302:9
	android:name
		ADDED from AndroidManifest.xml:302:19
activity#com.brodev.socialapp.view.VideoActivity
ADDED from AndroidManifest.xml:303:9
	android:configChanges
		ADDED from AndroidManifest.xml:305:13
	android:name
		ADDED from AndroidManifest.xml:304:13
activity#com.brodev.socialapp.view.VoiceActivity
ADDED from AndroidManifest.xml:306:9
	android:configChanges
		ADDED from AndroidManifest.xml:308:13
	android:name
		ADDED from AndroidManifest.xml:307:13
activity#com.brodev.socialapp.view.ChatActivity
ADDED from AndroidManifest.xml:309:9
	android:configChanges
		ADDED from AndroidManifest.xml:311:13
	android:name
		ADDED from AndroidManifest.xml:310:13
activity#com.brodev.socialapp.view.CheckInActivity
ADDED from AndroidManifest.xml:312:9
	android:configChanges
		ADDED from AndroidManifest.xml:314:13
	android:name
		ADDED from AndroidManifest.xml:313:13
activity#com.brodev.socialapp.view.EditProfileBasic
ADDED from AndroidManifest.xml:315:9
	android:screenOrientation
		ADDED from AndroidManifest.xml:318:13
	android:configChanges
		ADDED from AndroidManifest.xml:317:13
	android:name
		ADDED from AndroidManifest.xml:316:13
activity#com.brodev.socialapp.view.EditProfileAbout
ADDED from AndroidManifest.xml:319:9
	android:screenOrientation
		ADDED from AndroidManifest.xml:322:13
	android:configChanges
		ADDED from AndroidManifest.xml:321:13
	android:name
		ADDED from AndroidManifest.xml:320:13
activity#com.brodev.socialapp.view.EditProfileInterests
ADDED from AndroidManifest.xml:323:9
	android:screenOrientation
		ADDED from AndroidManifest.xml:326:13
	android:configChanges
		ADDED from AndroidManifest.xml:325:13
	android:name
		ADDED from AndroidManifest.xml:324:13
activity#com.brodev.socialapp.view.EditProfileDetails
ADDED from AndroidManifest.xml:327:9
	android:screenOrientation
		ADDED from AndroidManifest.xml:330:13
	android:configChanges
		ADDED from AndroidManifest.xml:329:13
	android:name
		ADDED from AndroidManifest.xml:328:13
activity#com.brodev.socialapp.view.PrivacySettingsProfile
ADDED from AndroidManifest.xml:331:9
	android:screenOrientation
		ADDED from AndroidManifest.xml:334:13
	android:configChanges
		ADDED from AndroidManifest.xml:333:13
	android:name
		ADDED from AndroidManifest.xml:332:13
activity#com.brodev.socialapp.view.PrivacySettingsItems
ADDED from AndroidManifest.xml:335:9
	android:screenOrientation
		ADDED from AndroidManifest.xml:338:13
	android:configChanges
		ADDED from AndroidManifest.xml:337:13
	android:name
		ADDED from AndroidManifest.xml:336:13
activity#com.brodev.socialapp.view.PrivacySettingsNotifications
ADDED from AndroidManifest.xml:339:9
	android:screenOrientation
		ADDED from AndroidManifest.xml:342:13
	android:configChanges
		ADDED from AndroidManifest.xml:341:13
	android:name
		ADDED from AndroidManifest.xml:340:13
activity#com.brodev.socialapp.view.PrivacySettingsBlockedUsers
ADDED from AndroidManifest.xml:343:9
	android:screenOrientation
		ADDED from AndroidManifest.xml:346:13
	android:configChanges
		ADDED from AndroidManifest.xml:345:13
	android:name
		ADDED from AndroidManifest.xml:344:13
activity#com.brodev.socialapp.view.PrivacySettingsInvisibleMode
ADDED from AndroidManifest.xml:347:9
	android:screenOrientation
		ADDED from AndroidManifest.xml:350:13
	android:configChanges
		ADDED from AndroidManifest.xml:349:13
	android:name
		ADDED from AndroidManifest.xml:348:13
activity#com.brodev.socialapp.view.NoInternetActivity
ADDED from AndroidManifest.xml:351:9
	android:configChanges
		ADDED from AndroidManifest.xml:353:13
	android:name
		ADDED from AndroidManifest.xml:352:13
meta-data#com.google.android.maps.v2.API_KEY
ADDED from AndroidManifest.xml:355:17
	android:value
		ADDED from AndroidManifest.xml:357:21
	android:name
		ADDED from AndroidManifest.xml:356:21
meta-data#com.google.android.gms.version
ADDED from AndroidManifest.xml:358:18
	android:value
		ADDED from AndroidManifest.xml:360:22
	android:name
		ADDED from AndroidManifest.xml:359:22
activity#com.mypinkpal.app.AppActivity
ADDED from AndroidManifest.xml:363:9
	android:launchMode
		ADDED from AndroidManifest.xml:366:13
	android:configChanges
		ADDED from AndroidManifest.xml:365:13
	android:theme
		ADDED from AndroidManifest.xml:367:13
	android:name
		ADDED from AndroidManifest.xml:364:13
intent-filter#android.intent.action.MAIN+android.intent.category.LAUNCHER
ADDED from AndroidManifest.xml:368:13
action#android.intent.action.MAIN
ADDED from AndroidManifest.xml:369:17
	android:name
		ADDED from AndroidManifest.xml:369:25
category#android.intent.category.LAUNCHER
ADDED from AndroidManifest.xml:371:17
	android:name
		ADDED from AndroidManifest.xml:371:27
activity#com.paypal.android.sdk.payments.PaymentActivity
ADDED from AndroidManifest.xml:375:9
	android:name
		ADDED from AndroidManifest.xml:375:19
activity#com.paypal.android.sdk.payments.LoginActivity
ADDED from AndroidManifest.xml:376:9
	android:name
		ADDED from AndroidManifest.xml:376:19
activity#com.paypal.android.sdk.payments.PaymentMethodActivity
ADDED from AndroidManifest.xml:377:9
	android:name
		ADDED from AndroidManifest.xml:377:19
activity#com.paypal.android.sdk.payments.PaymentConfirmActivity
ADDED from AndroidManifest.xml:378:9
	android:name
		ADDED from AndroidManifest.xml:378:19
activity#com.paypal.android.sdk.payments.PayPalFuturePaymentActivity
ADDED from AndroidManifest.xml:379:9
	android:name
		ADDED from AndroidManifest.xml:379:19
activity#com.paypal.android.sdk.payments.FuturePaymentConsentActivity
ADDED from AndroidManifest.xml:380:9
	android:name
		ADDED from AndroidManifest.xml:380:19
activity#com.paypal.android.sdk.payments.FuturePaymentInfoActivity
ADDED from AndroidManifest.xml:381:9
	android:name
		ADDED from AndroidManifest.xml:381:19
activity#com.paypal.android.sdk.payments.PayPalProfileSharingActivity
ADDED from AndroidManifest.xml:382:9
	android:name
		ADDED from AndroidManifest.xml:382:19
activity#com.paypal.android.sdk.payments.ProfileSharingConsentActivity
ADDED from AndroidManifest.xml:383:9
	android:name
		ADDED from AndroidManifest.xml:383:19
activity#com.paypal.android.MEP.PayPalActivity
ADDED from AndroidManifest.xml:384:9
	android:configChanges
		ADDED from AndroidManifest.xml:386:13
	android:theme
		ADDED from AndroidManifest.xml:385:13
	android:name
		ADDED from AndroidManifest.xml:384:19
activity#com.jirbo.adcolony.AdColonyOverlay
ADDED from AndroidManifest.xml:388:9
	android:configChanges
		ADDED from AndroidManifest.xml:390:13
	android:theme
		ADDED from AndroidManifest.xml:391:13
	android:name
		ADDED from AndroidManifest.xml:389:13
activity#com.jirbo.adcolony.AdColonyFullscreen
ADDED from AndroidManifest.xml:392:9
	android:configChanges
		ADDED from AndroidManifest.xml:394:13
	android:theme
		ADDED from AndroidManifest.xml:395:13
	android:name
		ADDED from AndroidManifest.xml:393:13
activity#com.jirbo.adcolony.AdColonyBrowser
ADDED from AndroidManifest.xml:396:9
	android:configChanges
		ADDED from AndroidManifest.xml:398:13
	android:theme
		ADDED from AndroidManifest.xml:399:13
	android:name
		ADDED from AndroidManifest.xml:397:13
activity#com.sponsorpay.publisher.ofw.SPOfferWallActivity
ADDED from AndroidManifest.xml:400:9
	android:configChanges
		ADDED from AndroidManifest.xml:402:13
	android:name
		ADDED from AndroidManifest.xml:401:13
activity#com.playerize.superrewards.activities.SRWebViewActivity
ADDED from AndroidManifest.xml:403:9
	android:screenOrientation
		ADDED from AndroidManifest.xml:405:13
	android:name
		ADDED from AndroidManifest.xml:404:13
activity#com.radiumone.engage.publisher.R1Publisher
ADDED from AndroidManifest.xml:406:9
	android:windowSoftInputMode
		ADDED from AndroidManifest.xml:408:13
	android:configChanges
		ADDED from AndroidManifest.xml:409:13
	android:name
		ADDED from AndroidManifest.xml:407:13
activity#com.radiumone.engage.mraid.R1MraidActivity
ADDED from AndroidManifest.xml:410:9
	android:windowSoftInputMode
		ADDED from AndroidManifest.xml:412:13
	android:configChanges
		ADDED from AndroidManifest.xml:413:13
	android:name
		ADDED from AndroidManifest.xml:411:13
activity#com.radiumone.engage.mraid.R1MraidVideoActivity
ADDED from AndroidManifest.xml:415:9
	android:windowSoftInputMode
		ADDED from AndroidManifest.xml:417:13
	android:configChanges
		ADDED from AndroidManifest.xml:418:13
	android:name
		ADDED from AndroidManifest.xml:416:13
activity#com.radiumone.engage.mraid.R1MraidBrowser
ADDED from AndroidManifest.xml:420:9
	android:windowSoftInputMode
		ADDED from AndroidManifest.xml:422:13
	android:configChanges
		ADDED from AndroidManifest.xml:423:13
	android:name
		ADDED from AndroidManifest.xml:421:13
uses-sdk
INJECTED from AndroidManifest.xml:0:0 reason: use-sdk injection requested
MERGED from com.android.support:multidex:1.0.1:18:5
MERGED from Mypinkpal_Android:appRater:unspecified:7:5
MERGED from Mypinkpal_Android:circularImageView:unspecified:7:5
MERGED from com.android.support:support-v4:20.0.0:16:5
MERGED from Mypinkpal_Android:paperSlidingTab:unspecified:7:5
MERGED from com.android.support:support-v4:20.0.0:16:5
MERGED from Mypinkpal_Android:facebook:unspecified:20:5
MERGED from com.android.support:support-v4:20.0.0:16:5
MERGED from Mypinkpal_Android:library:unspecified:7:5
MERGED from Mypinkpal_Android:urlImageViewHelper:unspecified:7:5
MERGED from Mypinkpal_Android:pullToRefreshLi:unspecified:7:5
MERGED from Mypinkpal_Android.libraries.SlidingMenu:library:unspecified:7:5
MERGED from com.actionbarsherlock:actionbarsherlock:4.4.0:3:3